<?xml version="1.0" encoding="UTF-8"?>
<testng-results ignored="0" total="1" passed="1" failed="0" skipped="0">
  <reporter-output>
  </reporter-output>
  <suite started-at="2023-12-30T18:12:36 GMT-08:00" name="Default suite" finished-at="2023-12-30T18:13:06 GMT-08:00" duration-ms="30549">
    <groups>
    </groups>
    <test started-at="2023-12-30T18:12:36 GMT-08:00" name="Default test" finished-at="2023-12-30T18:13:06 GMT-08:00" duration-ms="30549">
      <class name="Pages.Beginner">
        <test-method signature="test()[pri:0, instance:Pages.Beginner@72e5a8e]" started-at="2023-12-30T18:12:36 GMT-08:00" name="test" finished-at="2023-12-30T18:13:06 GMT-08:00" duration-ms="30490" status="PASS">
          <reporter-output>
          </reporter-output>
        </test-method> <!-- test -->
      </class> <!-- Pages.Beginner -->
    </test> <!-- Default test -->
  </suite> <!-- Default suite -->
</testng-results>
